<?xml version="1.0" encoding="UTF-8"?>
<testsuite name="Cucumber" time="17.164" tests="2" skipped="0" failures="1" errors="0" timestamp="2025-07-23T04:42:48.725335Z">
<testcase classname="Bill Payment and Print Logs" name="User performs a bill payment and logs the details - #1.1" time="16.671">
<system-out><![CDATA[
Given the user is on the Home page..........................................passed
When User enters "jaikumar" and "jaikumar" login the user...................passed
When the user clicks on the Bill Pay link...................................passed
Then the user is redirected to the Payment Process page.....................passed
When the user enters payee name "ABC Utilities".............................passed
And enters address "123 Main Street"........................................passed
And enters city "New York"..................................................passed
And enters state "Telangana"................................................passed
And enters zipcode "10001"..................................................passed
And enters phone number "1234567890"........................................passed
And enters account number "987654321".......................................passed
And verifies the account number as "987654321"..............................passed
And enters amount "150.00"..................................................passed
And clicks on the Send Payment button.......................................passed
Then the bill payment is successful.........................................passed
And the payment logs are printed............................................passed
]]></system-out>
</testcase>
<testcase classname="Bill Payment and Print Logs" name="User performs a bill payment and logs the details - #1.2" time="0.07">
<failure type="org.openqa.selenium.NoSuchSessionException" message="invalid session id
Build info: version: '4.34.0', revision: '707dcb4246*'
System info: os.name: 'Mac OS X', os.arch: 'x86_64', os.version: '14.7.6', java.version: '17.0.14'
Driver info: org.openqa.selenium.chrome.ChromeDriver
Command: [bcac1c9940c199d8b64ed57508642e1e, get {url=https://parabank.parasoft.com/parabank/index.htm}]
Capabilities {acceptInsecureCerts: false, browserName: chrome, browserVersion: 138.0.7204.158, chrome: {chromedriverVersion: 138.0.7204.168 (3e8d82e86e9..., userDataDir: /var/folders/54/4ngqht290fx...}, fedcm:accounts: true, goog:chromeOptions: {debuggerAddress: localhost:59483}, networkConnectionEnabled: false, pageLoadStrategy: normal, platformName: mac, proxy: Proxy(), se:cdp: ws://localhost:59483/devtoo..., se:cdpVersion: 138.0.7204.158, setWindowRect: true, strictFileInteractability: false, timeouts: {implicit: 0, pageLoad: 300000, script: 30000}, unhandledPromptBehavior: dismiss and notify, webauthn:extension:credBlob: true, webauthn:extension:largeBlob: true, webauthn:extension:minPinLength: true, webauthn:extension:prf: true, webauthn:virtualAuthenticators: true}
Session ID: bcac1c9940c199d8b64ed57508642e1e">
<![CDATA[org.openqa.selenium.NoSuchSessionException: invalid session id
Build info: version: '4.34.0', revision: '707dcb4246*'
System info: os.name: 'Mac OS X', os.arch: 'x86_64', os.version: '14.7.6', java.version: '17.0.14'
Driver info: org.openqa.selenium.chrome.ChromeDriver
Command: [bcac1c9940c199d8b64ed57508642e1e, get {url=https://parabank.parasoft.com/parabank/index.htm}]
Capabilities {acceptInsecureCerts: false, browserName: chrome, browserVersion: 138.0.7204.158, chrome: {chromedriverVersion: 138.0.7204.168 (3e8d82e86e9..., userDataDir: /var/folders/54/4ngqht290fx...}, fedcm:accounts: true, goog:chromeOptions: {debuggerAddress: localhost:59483}, networkConnectionEnabled: false, pageLoadStrategy: normal, platformName: mac, proxy: Proxy(), se:cdp: ws://localhost:59483/devtoo..., se:cdpVersion: 138.0.7204.158, setWindowRect: true, strictFileInteractability: false, timeouts: {implicit: 0, pageLoad: 300000, script: 30000}, unhandledPromptBehavior: dismiss and notify, webauthn:extension:credBlob: true, webauthn:extension:largeBlob: true, webauthn:extension:minPinLength: true, webauthn:extension:prf: true, webauthn:virtualAuthenticators: true}
Session ID: bcac1c9940c199d8b64ed57508642e1e
	at java.base/jdk.internal.reflect.NativeConstructorAccessorImpl.newInstance0(Native Method)
	at java.base/jdk.internal.reflect.NativeConstructorAccessorImpl.newInstance(NativeConstructorAccessorImpl.java:77)
	at java.base/jdk.internal.reflect.DelegatingConstructorAccessorImpl.newInstance(DelegatingConstructorAccessorImpl.java:45)
	at java.base/java.lang.reflect.Constructor.newInstanceWithCaller(Constructor.java:500)
	at java.base/java.lang.reflect.Constructor.newInstance(Constructor.java:481)
	at org.openqa.selenium.remote.ErrorCodec.decode(ErrorCodec.java:167)
	at org.openqa.selenium.remote.codec.w3c.W3CHttpResponseCodec.decode(W3CHttpResponseCodec.java:138)
	at org.openqa.selenium.remote.codec.w3c.W3CHttpResponseCodec.decode(W3CHttpResponseCodec.java:50)
	at org.openqa.selenium.remote.HttpCommandExecutor.execute(HttpCommandExecutor.java:215)
	at org.openqa.selenium.remote.service.DriverCommandExecutor.invokeExecute(DriverCommandExecutor.java:216)
	at org.openqa.selenium.remote.service.DriverCommandExecutor.execute(DriverCommandExecutor.java:174)
	at org.openqa.selenium.remote.RemoteWebDriver.execute(RemoteWebDriver.java:544)
	at org.openqa.selenium.remote.RemoteWebDriver.get(RemoteWebDriver.java:312)
	at org.openqa.selenium.remote.RemoteWebDriver$RemoteNavigation.to(RemoteWebDriver.java:1076)
	at StepDefinitions.BillPaymentStep.the_user_is_on_the_home_page(BillPaymentStep.java:18)
	at âœ½.the user is on the Home page(file:///Users/JaiBuddi/IdeaProjects/CucumberDemo/src/test/resources/FeatureFiles/BillPayment.feature:4)
]]>
</failure>
<system-out><![CDATA[
Given the user is on the Home page..........................................failed
When User enters "jaikumar" and "jaikumar" login the user...................skipped
When the user clicks on the Bill Pay link...................................skipped
Then the user is redirected to the Payment Process page.....................skipped
When the user enters payee name "XYZ Telecom"...............................skipped
And enters address "456 Park Ave"...........................................skipped
And enters city "Los Angeles"...............................................skipped
And enters state "Telangana"................................................skipped
And enters zipcode "90001"..................................................skipped
And enters phone number "9876543210"........................................skipped
And enters account number "123456789".......................................skipped
And verifies the account number as "123456789"..............................skipped
And enters amount "200.50"..................................................skipped
And clicks on the Send Payment button.......................................skipped
Then the bill payment is successful.........................................skipped
And the payment logs are printed............................................skipped
]]></system-out>
</testcase>
</testsuite>
